0 info it worked if it ends with ok
1 verbose cli [ 'node', '/usr/local/bin/npm', 'run', 'serve' ]
2 info using npm@2.12.1
3 info using node@v0.12.7
4 verbose node symlink /usr/local/bin/node
5 verbose run-script [ 'preserve', 'serve', 'postserve' ]
6 info preserve sr-quote-widget-react@1.0.0
7 info serve sr-quote-widget-react@1.0.0
8 verbose unsafe-perm in lifecycle true
9 info sr-quote-widget-react@1.0.0 Failed to exec serve script
10 verbose stack Error: sr-quote-widget-react@1.0.0 serve: `http-server -p 8080`
10 verbose stack Exit status 1
10 verbose stack     at EventEmitter.<anonymous> (/usr/local/lib/node_modules/npm/lib/utils/lifecycle.js:213:16)
10 verbose stack     at EventEmitter.emit (events.js:110:17)
10 verbose stack     at ChildProcess.<anonymous> (/usr/local/lib/node_modules/npm/lib/utils/spawn.js:24:14)
10 verbose stack     at ChildProcess.emit (events.js:110:17)
10 verbose stack     at maybeClose (child_process.js:1015:16)
10 verbose stack     at Process.ChildProcess._handle.onexit (child_process.js:1087:5)
11 verbose pkgid sr-quote-widget-react@1.0.0
12 verbose cwd /Users/Jono-Shuttlerock/personal_projects/sr-quote-widget-react
13 error Darwin 15.0.0
14 error argv "node" "/usr/local/bin/npm" "run" "serve"
15 error node v0.12.7
16 error npm  v2.12.1
17 error code ELIFECYCLE
18 error sr-quote-widget-react@1.0.0 serve: `http-server -p 8080`
18 error Exit status 1
19 error Failed at the sr-quote-widget-react@1.0.0 serve script 'http-server -p 8080'.
19 error This is most likely a problem with the sr-quote-widget-react package,
19 error not with npm itself.
19 error Tell the author that this fails on your system:
19 error     http-server -p 8080
19 error You can get their info via:
19 error     npm owner ls sr-quote-widget-react
19 error There is likely additional logging output above.
20 verbose exit [ 1, true ]
